Performing C SOURCE FILE Test CMAKE_HAVE_LIBC_PTHREAD failed with the following output:
Change Dir: /home/lzc/lzc-code/build/CMakeFiles/CMakeScratch/TryCompile-tvTqop

Run Build Command(s):/usr/bin/make -f Makefile cmTC_5a972/fast && /usr/bin/make  -f CMakeFiles/cmTC_5a972.dir/build.make CMakeFiles/cmTC_5a972.dir/build
make[1]: 进入目录“/home/lzc/lzc-code/build/CMakeFiles/CMakeScratch/TryCompile-tvTqop”
Building C object CMakeFiles/cmTC_5a972.dir/src.c.o
/usr/bin/cc -DCMAKE_HAVE_LIBC_PTHREAD   -o CMakeFiles/cmTC_5a972.dir/src.c.o -c /home/lzc/lzc-code/build/CMakeFiles/CMakeScratch/TryCompile-tvTqop/src.c
Linking C executable cmTC_5a972
/home/lzc/.local/lib/python3.8/site-packages/cmake/data/bin/cmake -E cmake_link_script CMakeFiles/cmTC_5a972.dir/link.txt --verbose=1
/usr/bin/cc -rdynamic CMakeFiles/cmTC_5a972.dir/src.c.o -o cmTC_5a972 
/usr/bin/ld: CMakeFiles/cmTC_5a972.dir/src.c.o: in function `main':
src.c:(.text+0x46): undefined reference to `pthread_create'
/usr/bin/ld: src.c:(.text+0x52): undefined reference to `pthread_detach'
/usr/bin/ld: src.c:(.text+0x5e): undefined reference to `pthread_cancel'
/usr/bin/ld: src.c:(.text+0x6f): undefined reference to `pthread_join'
collect2: error: ld returned 1 exit status
make[1]: *** [CMakeFiles/cmTC_5a972.dir/build.make:99：cmTC_5a972] 错误 1
make[1]: 离开目录“/home/lzc/lzc-code/build/CMakeFiles/CMakeScratch/TryCompile-tvTqop”
make: *** [Makefile:127：cmTC_5a972/fast] 错误 2


Source file was:
#include <pthread.h>

static void* test_func(void* data)
{
  return data;
}

int main(void)
{
  pthread_t thread;
  pthread_create(&thread, NULL, test_func, NULL);
  pthread_detach(thread);
  pthread_cancel(thread);
  pthread_join(thread, NULL);
  pthread_atfork(NULL, NULL, NULL);
  pthread_exit(NULL);

  return 0;
}


Determining if the function pthread_create exists in the pthreads failed with the following output:
Change Dir: /home/lzc/lzc-code/build/CMakeFiles/CMakeScratch/TryCompile-H6nxms

Run Build Command(s):/usr/bin/make -f Makefile cmTC_251fe/fast && /usr/bin/make  -f CMakeFiles/cmTC_251fe.dir/build.make CMakeFiles/cmTC_251fe.dir/build
make[1]: 进入目录“/home/lzc/lzc-code/build/CMakeFiles/CMakeScratch/TryCompile-H6nxms”
Building C object CMakeFiles/cmTC_251fe.dir/CheckFunctionExists.c.o
/usr/bin/cc   -DCHECK_FUNCTION_EXISTS=pthread_create -o CMakeFiles/cmTC_251fe.dir/CheckFunctionExists.c.o -c /home/lzc/lzc-code/build/CMakeFiles/CMakeScratch/TryCompile-H6nxms/CheckFunctionExists.c
Linking C executable cmTC_251fe
/home/lzc/.local/lib/python3.8/site-packages/cmake/data/bin/cmake -E cmake_link_script CMakeFiles/cmTC_251fe.dir/link.txt --verbose=1
/usr/bin/cc  -DCHECK_FUNCTION_EXISTS=pthread_create -rdynamic CMakeFiles/cmTC_251fe.dir/CheckFunctionExists.c.o -o cmTC_251fe  -lpthreads 
/usr/bin/ld: 找不到 -lpthreads
collect2: error: ld returned 1 exit status
make[1]: *** [CMakeFiles/cmTC_251fe.dir/build.make:99：cmTC_251fe] 错误 1
make[1]: 离开目录“/home/lzc/lzc-code/build/CMakeFiles/CMakeScratch/TryCompile-H6nxms”
make: *** [Makefile:127：cmTC_251fe/fast] 错误 2



