Performing C SOURCE FILE Test CMAKE_HAVE_LIBC_PTHREAD failed with the following output:
Change Dir: /home/lzc/文档/URDF_demo/build/CMakeFiles/CMakeScratch/TryCompile-JUtjYL

Run Build Command(s):/usr/bin/make -f Makefile cmTC_0a63b/fast && /usr/bin/make  -f CMakeFiles/cmTC_0a63b.dir/build.make CMakeFiles/cmTC_0a63b.dir/build
make[1]: 进入目录“/home/lzc/文档/URDF_demo/build/CMakeFiles/CMakeScratch/TryCompile-JUtjYL”
Building C object CMakeFiles/cmTC_0a63b.dir/src.c.o
/usr/lib/ccache/cc -DCMAKE_HAVE_LIBC_PTHREAD   -o CMakeFiles/cmTC_0a63b.dir/src.c.o -c /home/lzc/文档/URDF_demo/build/CMakeFiles/CMakeScratch/TryCompile-JUtjYL/src.c
Linking C executable cmTC_0a63b
/home/lzc/.local/lib/python3.8/site-packages/cmake/data/bin/cmake -E cmake_link_script CMakeFiles/cmTC_0a63b.dir/link.txt --verbose=1
/usr/lib/ccache/cc -rdynamic CMakeFiles/cmTC_0a63b.dir/src.c.o -o cmTC_0a63b 
/usr/bin/ld: CMakeFiles/cmTC_0a63b.dir/src.c.o: in function `main':
src.c:(.text+0x46): undefined reference to `pthread_create'
/usr/bin/ld: src.c:(.text+0x52): undefined reference to `pthread_detach'
/usr/bin/ld: src.c:(.text+0x5e): undefined reference to `pthread_cancel'
/usr/bin/ld: src.c:(.text+0x6f): undefined reference to `pthread_join'
collect2: error: ld returned 1 exit status
make[1]: *** [CMakeFiles/cmTC_0a63b.dir/build.make:99：cmTC_0a63b] 错误 1
make[1]: 离开目录“/home/lzc/文档/URDF_demo/build/CMakeFiles/CMakeScratch/TryCompile-JUtjYL”
make: *** [Makefile:127：cmTC_0a63b/fast] 错误 2


Source file was:
#include <pthread.h>

static void* test_func(void* data)
{
  return data;
}

int main(void)
{
  pthread_t thread;
  pthread_create(&thread, NULL, test_func, NULL);
  pthread_detach(thread);
  pthread_cancel(thread);
  pthread_join(thread, NULL);
  pthread_atfork(NULL, NULL, NULL);
  pthread_exit(NULL);

  return 0;
}


Determining if the function pthread_create exists in the pthreads failed with the following output:
Change Dir: /home/lzc/文档/URDF_demo/build/CMakeFiles/CMakeScratch/TryCompile-44giGN

Run Build Command(s):/usr/bin/make -f Makefile cmTC_cb6c7/fast && /usr/bin/make  -f CMakeFiles/cmTC_cb6c7.dir/build.make CMakeFiles/cmTC_cb6c7.dir/build
make[1]: 进入目录“/home/lzc/文档/URDF_demo/build/CMakeFiles/CMakeScratch/TryCompile-44giGN”
Building C object CMakeFiles/cmTC_cb6c7.dir/CheckFunctionExists.c.o
/usr/lib/ccache/cc   -DCHECK_FUNCTION_EXISTS=pthread_create -o CMakeFiles/cmTC_cb6c7.dir/CheckFunctionExists.c.o -c /home/lzc/文档/URDF_demo/build/CMakeFiles/CMakeScratch/TryCompile-44giGN/CheckFunctionExists.c
Linking C executable cmTC_cb6c7
/home/lzc/.local/lib/python3.8/site-packages/cmake/data/bin/cmake -E cmake_link_script CMakeFiles/cmTC_cb6c7.dir/link.txt --verbose=1
/usr/lib/ccache/cc  -DCHECK_FUNCTION_EXISTS=pthread_create -rdynamic CMakeFiles/cmTC_cb6c7.dir/CheckFunctionExists.c.o -o cmTC_cb6c7  -lpthreads 
/usr/bin/ld: 找不到 -lpthreads
collect2: error: ld returned 1 exit status
make[1]: *** [CMakeFiles/cmTC_cb6c7.dir/build.make:99：cmTC_cb6c7] 错误 1
make[1]: 离开目录“/home/lzc/文档/URDF_demo/build/CMakeFiles/CMakeScratch/TryCompile-44giGN”
make: *** [Makefile:127：cmTC_cb6c7/fast] 错误 2



